<?xml version="1.0" encoding="UTF-8"?>
<testsuite name="com.detroitlabs.Aviatolocity.data.HotelRepositoryTest" tests="1" skipped="0" failures="0" errors="0" timestamp="2022-03-31T19:17:06" hostname="Elissas-MacBook-Pro.local" time="5.694">
  <properties/>
  <testcase name="generateHotels()" classname="com.detroitlabs.Aviatolocity.data.HotelRepositoryTest" time="5.694"/>
  <system-out><![CDATA[13:17:06.833 [Test worker] DEBUG org.springframework.web.client.RestTemplate - HTTP GET https://hotels4.p.rapidapi.com/locations/v2/search?query=Detroit
13:17:06.840 [Test worker] DEBUG org.springframework.web.client.RestTemplate - Accept=[text/plain, application/json, application/*+json, */*]
13:17:07.986 [Test worker] DEBUG org.springframework.web.client.RestTemplate - Response 200 OK
13:17:07.987 [Test worker] DEBUG org.springframework.web.client.RestTemplate - Reading to [java.lang.String] as "application/json"
13:17:08.045 [Test worker] DEBUG org.springframework.web.client.RestTemplate - HTTP GET https://hotels4.p.rapidapi.com/properties/list?destinationId=1538574&pageNumber=1&pageSize=10&checkIn=2022-05-08&checkOut=2022-05-10&adults1=1&sortOrder=PRICE
13:17:08.045 [Test worker] DEBUG org.springframework.web.client.RestTemplate - Accept=[text/plain, application/json, application/*+json, */*]
13:17:12.013 [Test worker] DEBUG org.springframework.web.client.RestTemplate - Response 200 OK
13:17:12.013 [Test worker] DEBUG org.springframework.web.client.RestTemplate - Reading to [java.lang.String] as "application/json"
Hamtramck Hostel
Traveller's Choice Motel
iCheckINN Motel
Quality Inn & Suites Detroit Metro Airport
Ivy Rose Motor Inn
Motel 6 Warren, MI - Detroit East
A Victory Hotel - Southfield
Rodeway Inn Auburn Hills
Kenora Motel
]]></system-out>
  <system-err><![CDATA[]]></system-err>
</testsuite>
